ABW
AFG
ALB
AND
ARE
ARG
ARM
ATG
AUS
AUT
AZE
BEL
BFA
BGD
BGR
BHR
BHS
BIH
BLR
BOL
BRA
BRN
BTN
CAN
CHE
CHL
CHN
CIV
CMR
COD
COL
CRI
CUB
CUW
CYM
CYP
CZE
DNK
DOM
DZA
ECU
EGY
ESP
EST
ETH
FIN
FRA
FRO
GAB
GBR
GEO
GER
GHA
GIB
GIN
GMB
GRC
GTM
GUY
HND
HRV
HUN
IDN
IND
IRL
IRN
IRQ
ISL
ISR
ITA
JAM
JOR
JPN
KAZ
KEN
KHM
KOR
KWT
LBN
LIE
LKA
LTU
LUX
LVA
MAF
MAR
MCO
MDA
MDV
MEX
MKD
MLT
MNG
MRT
MYS
NAM
NGA
NLD
NOR
NPL
NZL
OMN
PAK
PAN
PER
PHL
POL
PRT
PRY
QAT
ROU
RUS
RWA
SAU
SDN
SEN
SGP
SMR
SRB
SUR
SVK
SVN
SWE
SWZ
SYC
TGO
THA
TTO
TUN
TUR
UKR
URY
USA
UZB
VEN
VNM
ZAF
