BGD
ITA
OMN
PAN
HUN
PRT
COL
PRY
VEN
IRQ
CIV
MDA
MNG
MKD
CHE
AFG
CYM
UKR
EST
GRC
BRA
BLR
BTN
CHN
TGO
CMR
IDN
CRI
EGY
POL
LTU
MYS
MEX
ROU
PER
AUS
GEO
QAT
RUS
THA
FRO
TTO
NOR
ESP
IRL
TUR
FIN
HND
MCO
RWA
UZB
KAZ
NAM
JPN
GUY
BIH
JAM
FRA
GER
AND
SMR
BOL
URY
AZE
MAF
ZAF
SVK
IRN
KHM
SVN
KWT
VNM
ECU
GTM
SGP
NPL
KEN
LIE
CAN
BGR
DOM
LKA
AUT
TUN
BHS
JOR
CYP
GHA
SRB
DZA
GIB
LVA
ARM
SAU
ALB
BHR
HRV
IND
USA
DNK
ISL
MRT
CHL
SUR
SYC
GIN
GBR
LUX
NLD
COD
PHL
SEN
BFA
ATG
ETH
ABW
CUW
GAB
BRN
MLT
CUB
PAK
BEL
ARG
MAR
LBN
NZL
CZE
KOR
GMB
NGA
SWZ
ISR
MDV
SDN
SWE
ARE
